c:\users\owner\documents\visual studio 2015\projects\monstermasteryuki_ver3\monstermasteryuki_ver3\release\vc140.pdb
c:\users\owner\documents\visual studio 2015\projects\monstermasteryuki_ver3\monstermasteryuki_ver3\release\trap.obj
c:\users\owner\documents\visual studio 2015\projects\monstermasteryuki_ver3\monstermasteryuki_ver3\release\textbox.obj
c:\users\owner\documents\visual studio 2015\projects\monstermasteryuki_ver3\monstermasteryuki_ver3\release\stageprinter.obj
c:\users\owner\documents\visual studio 2015\projects\monstermasteryuki_ver3\monstermasteryuki_ver3\release\stage.obj
c:\users\owner\documents\visual studio 2015\projects\monstermasteryuki_ver3\monstermasteryuki_ver3\release\monster.obj
c:\users\owner\documents\visual studio 2015\projects\monstermasteryuki_ver3\monstermasteryuki_ver3\release\main.obj
c:\users\owner\documents\visual studio 2015\projects\monstermasteryuki_ver3\monstermasteryuki_ver3\release\enemymonster.obj
c:\users\owner\documents\visual studio 2015\projects\monstermasteryuki_ver3\monstermasteryuki_ver3\release\dblbuffer.obj
c:\users\owner\documents\visual studio 2015\projects\monstermasteryuki_ver3\monstermasteryuki_ver3\release\brother_like.obj
c:\users\owner\documents\visual studio 2015\projects\monstermasteryuki_ver3\monstermasteryuki_ver3\release\allymonster.obj
c:\users\owner\documents\visual studio 2015\projects\monstermasteryuki_ver3\release\monstermasteryuki_ver3.exe
c:\users\owner\documents\visual studio 2015\projects\monstermasteryuki_ver3\release\monstermasteryuki_ver3.ipdb
c:\users\owner\documents\visual studio 2015\projects\monstermasteryuki_ver3\release\monstermasteryuki_ver3.iobj
c:\users\owner\documents\visual studio 2015\projects\monstermasteryuki_ver3\release\monstermasteryuki_ver3.pdb
c:\users\owner\documents\visual studio 2015\projects\monstermasteryuki_ver3\monstermasteryuki_ver3\release\monsterm.38c773c8.tlog\cl.command.1.tlog
c:\users\owner\documents\visual studio 2015\projects\monstermasteryuki_ver3\monstermasteryuki_ver3\release\monsterm.38c773c8.tlog\cl.read.1.tlog
c:\users\owner\documents\visual studio 2015\projects\monstermasteryuki_ver3\monstermasteryuki_ver3\release\monsterm.38c773c8.tlog\cl.write.1.tlog
c:\users\owner\documents\visual studio 2015\projects\monstermasteryuki_ver3\monstermasteryuki_ver3\release\monsterm.38c773c8.tlog\link.command.1.tlog
c:\users\owner\documents\visual studio 2015\projects\monstermasteryuki_ver3\monstermasteryuki_ver3\release\monsterm.38c773c8.tlog\link.read.1.tlog
c:\users\owner\documents\visual studio 2015\projects\monstermasteryuki_ver3\monstermasteryuki_ver3\release\monsterm.38c773c8.tlog\link.write.1.tlog
