c:\users\takayuki\documents\visual studio 2015\projects\monstermasteryuki_ver3\monstermasteryuki_ver3\debug\vc140.pdb
c:\users\takayuki\documents\visual studio 2015\projects\monstermasteryuki_ver3\monstermasteryuki_ver3\debug\vc140.idb
c:\users\takayuki\documents\visual studio 2015\projects\monstermasteryuki_ver3\monstermasteryuki_ver3\debug\allymonster.obj
c:\users\takayuki\documents\visual studio 2015\projects\monstermasteryuki_ver3\monstermasteryuki_ver3\debug\brother_like.obj
c:\users\takayuki\documents\visual studio 2015\projects\monstermasteryuki_ver3\monstermasteryuki_ver3\debug\dblbuffer.obj
c:\users\takayuki\documents\visual studio 2015\projects\monstermasteryuki_ver3\monstermasteryuki_ver3\debug\enemymonster.obj
c:\users\takayuki\documents\visual studio 2015\projects\monstermasteryuki_ver3\monstermasteryuki_ver3\debug\main.obj
c:\users\takayuki\documents\visual studio 2015\projects\monstermasteryuki_ver3\monstermasteryuki_ver3\debug\monster.obj
c:\users\takayuki\documents\visual studio 2015\projects\monstermasteryuki_ver3\monstermasteryuki_ver3\debug\stage.obj
c:\users\takayuki\documents\visual studio 2015\projects\monstermasteryuki_ver3\monstermasteryuki_ver3\debug\stageprinter.obj
c:\users\takayuki\documents\visual studio 2015\projects\monstermasteryuki_ver3\monstermasteryuki_ver3\debug\textbox.obj
c:\users\takayuki\documents\visual studio 2015\projects\monstermasteryuki_ver3\monstermasteryuki_ver3\debug\trap.obj
c:\users\takayuki\documents\visual studio 2015\projects\monstermasteryuki_ver3\debug\monstermasteryuki_ver3.ilk
c:\users\takayuki\documents\visual studio 2015\projects\monstermasteryuki_ver3\debug\monstermasteryuki_ver3.exe
c:\users\takayuki\documents\visual studio 2015\projects\monstermasteryuki_ver3\debug\monstermasteryuki_ver3.pdb
c:\users\takayuki\documents\visual studio 2015\projects\monstermasteryuki_ver3\monstermasteryuki_ver3\debug\monsterm.38c773c8.tlog\cl.command.1.tlog
c:\users\takayuki\documents\visual studio 2015\projects\monstermasteryuki_ver3\monstermasteryuki_ver3\debug\monsterm.38c773c8.tlog\cl.read.1.tlog
c:\users\takayuki\documents\visual studio 2015\projects\monstermasteryuki_ver3\monstermasteryuki_ver3\debug\monsterm.38c773c8.tlog\cl.write.1.tlog
c:\users\takayuki\documents\visual studio 2015\projects\monstermasteryuki_ver3\monstermasteryuki_ver3\debug\monsterm.38c773c8.tlog\link.command.1.tlog
c:\users\takayuki\documents\visual studio 2015\projects\monstermasteryuki_ver3\monstermasteryuki_ver3\debug\monsterm.38c773c8.tlog\link.read.1.tlog
c:\users\takayuki\documents\visual studio 2015\projects\monstermasteryuki_ver3\monstermasteryuki_ver3\debug\monsterm.38c773c8.tlog\link.write.1.tlog
